

Started GET "/" for 127.0.0.1 at 2014-09-17 19:16:05 -0400

ActiveRecord::PendingMigrationError (Migrations are pending; run 'bin/rake db:migrate RAILS_ENV=development' to resolve this issue.):
  activerecord (4.0.4) lib/active_record/migration.rb:383:in `check_pending!'
  activerecord (4.0.4) lib/active_record/migration.rb:370:in `call'
  actionpack (4.0.4) lib/action_dispatch/middleware/callbacks.rb:29:in `block in call'
  activesupport (4.0.4) lib/active_support/callbacks.rb:373:in `_run__1988196835406349672__call__callbacks'
  activesupport (4.0.4) lib/active_support/callbacks.rb:80:in `run_callbacks'
  actionpack (4.0.4) lib/action_dispatch/middleware/callbacks.rb:27:in `call'
  actionpack (4.0.4) lib/action_dispatch/middleware/reloader.rb:64:in `call'
  actionpack (4.0.4) lib/action_dispatch/middleware/remote_ip.rb:76:in `call'
  actionpack (4.0.4) lib/action_dispatch/middleware/debug_exceptions.rb:17:in `call'
  actionpack (4.0.4) lib/action_dispatch/middleware/show_exceptions.rb:30:in `call'
  railties (4.0.4) lib/rails/rack/logger.rb:38:in `call_app'
  railties (4.0.4) lib/rails/rack/logger.rb:20:in `block in call'
  activesupport (4.0.4) lib/active_support/tagged_logging.rb:68:in `block in tagged'
  activesupport (4.0.4) lib/active_support/tagged_logging.rb:26:in `tagged'
  activesupport (4.0.4) lib/active_support/tagged_logging.rb:68:in `tagged'
  railties (4.0.4) lib/rails/rack/logger.rb:20:in `call'
  actionpack (4.0.4) lib/action_dispatch/middleware/request_id.rb:21:in `call'
  rack (1.5.2) lib/rack/methodoverride.rb:21:in `call'
  rack (1.5.2) lib/rack/runtime.rb:17:in `call'
  activesupport (4.0.4) lib/active_support/cache/strategy/local_cache.rb:83:in `call'
  rack (1.5.2) lib/rack/lock.rb:17:in `call'
  actionpack (4.0.4) lib/action_dispatch/middleware/static.rb:64:in `call'
  rack (1.5.2) lib/rack/sendfile.rb:112:in `call'
  railties (4.0.4) lib/rails/engine.rb:511:in `call'
  railties (4.0.4) lib/rails/application.rb:97:in `call'
  rack (1.5.2) lib/rack/lock.rb:17:in `call'
  rack (1.5.2) lib/rack/content_length.rb:14:in `call'
  rack (1.5.2) lib/rack/handler/webrick.rb:60:in `service'
  /home/josh/.rvm/rubies/ruby-2.1.0-preview1/lib/ruby/2.1.0/webrick/httpserver.rb:138:in `service'
  /home/josh/.rvm/rubies/ruby-2.1.0-preview1/lib/ruby/2.1.0/webrick/httpserver.rb:94:in `run'
  /home/josh/.rvm/rubies/ruby-2.1.0-preview1/lib/ruby/2.1.0/webrick/server.rb:295:in `block in start_thread'


  Rendered /home/josh/.rvm/gems/ruby-2.1.0-preview1/gems/actionpack-4.0.4/lib/action_dispatch/middleware/templates/rescues/_source.erb (0.7ms)
  Rendered /home/josh/.rvm/gems/ruby-2.1.0-preview1/gems/actionpack-4.0.4/lib/action_dispatch/middleware/templates/rescues/_trace.erb (1.3ms)
  Rendered /home/josh/.rvm/gems/ruby-2.1.0-preview1/gems/actionpack-4.0.4/lib/action_dispatch/middleware/templates/rescues/_request_and_response.erb (1.0ms)
  Rendered /home/josh/.rvm/gems/ruby-2.1.0-preview1/gems/actionpack-4.0.4/lib/action_dispatch/middleware/templates/rescues/diagnostics.erb within rescues/layout (22.7ms)


Started GET "/" for 127.0.0.1 at 2014-09-17 19:16:09 -0400

ActiveRecord::PendingMigrationError (Migrations are pending; run 'bin/rake db:migrate RAILS_ENV=development' to resolve this issue.):
  activerecord (4.0.4) lib/active_record/migration.rb:383:in `check_pending!'
  activerecord (4.0.4) lib/active_record/migration.rb:370:in `call'
  actionpack (4.0.4) lib/action_dispatch/middleware/callbacks.rb:29:in `block in call'
  activesupport (4.0.4) lib/active_support/callbacks.rb:373:in `_run__1988196835406349672__call__callbacks'
  activesupport (4.0.4) lib/active_support/callbacks.rb:80:in `run_callbacks'
  actionpack (4.0.4) lib/action_dispatch/middleware/callbacks.rb:27:in `call'
  actionpack (4.0.4) lib/action_dispatch/middleware/reloader.rb:64:in `call'
  actionpack (4.0.4) lib/action_dispatch/middleware/remote_ip.rb:76:in `call'
  actionpack (4.0.4) lib/action_dispatch/middleware/debug_exceptions.rb:17:in `call'
  actionpack (4.0.4) lib/action_dispatch/middleware/show_exceptions.rb:30:in `call'
  railties (4.0.4) lib/rails/rack/logger.rb:38:in `call_app'
  railties (4.0.4) lib/rails/rack/logger.rb:20:in `block in call'
  activesupport (4.0.4) lib/active_support/tagged_logging.rb:68:in `block in tagged'
  activesupport (4.0.4) lib/active_support/tagged_logging.rb:26:in `tagged'
  activesupport (4.0.4) lib/active_support/tagged_logging.rb:68:in `tagged'
  railties (4.0.4) lib/rails/rack/logger.rb:20:in `call'
  actionpack (4.0.4) lib/action_dispatch/middleware/request_id.rb:21:in `call'
  rack (1.5.2) lib/rack/methodoverride.rb:21:in `call'
  rack (1.5.2) lib/rack/runtime.rb:17:in `call'
  activesupport (4.0.4) lib/active_support/cache/strategy/local_cache.rb:83:in `call'
  rack (1.5.2) lib/rack/lock.rb:17:in `call'
  actionpack (4.0.4) lib/action_dispatch/middleware/static.rb:64:in `call'
  rack (1.5.2) lib/rack/sendfile.rb:112:in `call'
  railties (4.0.4) lib/rails/engine.rb:511:in `call'
  railties (4.0.4) lib/rails/application.rb:97:in `call'
  rack (1.5.2) lib/rack/lock.rb:17:in `call'
  rack (1.5.2) lib/rack/content_length.rb:14:in `call'
  rack (1.5.2) lib/rack/handler/webrick.rb:60:in `service'
  /home/josh/.rvm/rubies/ruby-2.1.0-preview1/lib/ruby/2.1.0/webrick/httpserver.rb:138:in `service'
  /home/josh/.rvm/rubies/ruby-2.1.0-preview1/lib/ruby/2.1.0/webrick/httpserver.rb:94:in `run'
  /home/josh/.rvm/rubies/ruby-2.1.0-preview1/lib/ruby/2.1.0/webrick/server.rb:295:in `block in start_thread'


  Rendered /home/josh/.rvm/gems/ruby-2.1.0-preview1/gems/actionpack-4.0.4/lib/action_dispatch/middleware/templates/rescues/_source.erb (0.7ms)
  Rendered /home/josh/.rvm/gems/ruby-2.1.0-preview1/gems/actionpack-4.0.4/lib/action_dispatch/middleware/templates/rescues/_trace.erb (1.2ms)
  Rendered /home/josh/.rvm/gems/ruby-2.1.0-preview1/gems/actionpack-4.0.4/lib/action_dispatch/middleware/templates/rescues/_request_and_response.erb (0.9ms)
  Rendered /home/josh/.rvm/gems/ruby-2.1.0-preview1/gems/actionpack-4.0.4/lib/action_dispatch/middleware/templates/rescues/diagnostics.erb within rescues/layout (25.7ms)
  [1m[36m (200.4ms)[0m  [1mCREATE TABLE "schema_migrations" ("version" varchar(255) NOT NULL) [0m
  [1m[35m (157.5ms)[0m  CREATE UNIQUE INDEX "unique_schema_migrations" ON "schema_migrations" ("version")
  [1m[36mActiveRecord::SchemaMigration Load (0.5ms)[0m  [1mSELECT "schema_migrations".* FROM "schema_migrations"[0m
Migrating to CreateJobfunctions (20140813231721)
  [1m[35m (0.1ms)[0m  begin transaction
  [1m[36m (0.7ms)[0m  [1mCREATE TABLE "jobfunctions" ("id" INTEGER PRIMARY KEY AUTOINCREMENT NOT NULL, "name" varchar(255), "created_at" datetime, "updated_at" datetime) [0m
  [1m[35mSQL (0.4ms)[0m  INSERT INTO "schema_migrations" ("version") VALUES (?)  [["version", "20140813231721"]]
  [1m[36m (144.3ms)[0m  [1mcommit transaction[0m
Migrating to CreateAddresses (20140813232353)
  [1m[35m (0.3ms)[0m  begin transaction
  [1m[36m (1.3ms)[0m  [1mCREATE TABLE "addresses" ("id" INTEGER PRIMARY KEY AUTOINCREMENT NOT NULL, "line1" varchar(255), "line2" varchar(255), "city" varchar(255), "state" varchar(255), "zip" varchar(255), "created_at" datetime, "updated_at" datetime) [0m
  [1m[35mSQL (0.4ms)[0m  INSERT INTO "schema_migrations" ("version") VALUES (?)  [["version", "20140813232353"]]
  [1m[36m (133.1ms)[0m  [1mcommit transaction[0m
Migrating to CreateCompanies (20140813232707)
  [1m[35m (0.1ms)[0m  begin transaction
  [1m[36m (0.5ms)[0m  [1mCREATE TABLE "companies" ("id" INTEGER PRIMARY KEY AUTOINCREMENT NOT NULL, "name" varchar(255), "website" varchar(255), "email" varchar(255), "address_id" integer, "created_at" datetime, "updated_at" datetime) [0m
  [1m[35m (0.1ms)[0m  CREATE INDEX "index_companies_on_address_id" ON "companies" ("address_id")
  [1m[36mSQL (0.3ms)[0m  [1mINSERT INTO "schema_migrations" ("version") VALUES (?)[0m  [["version", "20140813232707"]]
  [1m[35m (130.0ms)[0m  commit transaction
Migrating to CreateIndividuals (20140813233426)
  [1m[36m (0.2ms)[0m  [1mbegin transaction[0m
  [1m[35m (1.6ms)[0m  CREATE TABLE "individuals" ("id" INTEGER PRIMARY KEY AUTOINCREMENT NOT NULL, "first_name" varchar(255), "last_name" varchar(255), "website" varchar(255), "email" varchar(255), "company_id" integer, "created_at" datetime, "updated_at" datetime) 
  [1m[36m (0.8ms)[0m  [1mCREATE INDEX "index_individuals_on_company_id" ON "individuals" ("company_id")[0m
  [1m[35mSQL (0.3ms)[0m  INSERT INTO "schema_migrations" ("version") VALUES (?)  [["version", "20140813233426"]]
  [1m[36m (133.6ms)[0m  [1mcommit transaction[0m
  [1m[35mActiveRecord::SchemaMigration Load (0.2ms)[0m  SELECT "schema_migrations".* FROM "schema_migrations"


Started GET "/" for 127.0.0.1 at 2014-09-17 19:16:41 -0400
  [1m[36mActiveRecord::SchemaMigration Load (0.1ms)[0m  [1mSELECT "schema_migrations".* FROM "schema_migrations"[0m
Processing by Rails::WelcomeController#index as HTML
  Rendered /home/josh/.rvm/gems/ruby-2.1.0-preview1/gems/railties-4.0.4/lib/rails/templates/rails/welcome/index.html.erb (1.5ms)
Completed 200 OK in 23ms (Views: 6.8ms | ActiveRecord: 0.0ms)


Started GET "/individuals" for 127.0.0.1 at 2014-09-17 19:17:41 -0400
Processing by IndividualsController#index as HTML
  [1m[35mIndividual Load (0.2ms)[0m  SELECT "individuals".* FROM "individuals"
  Rendered individuals/index.html.erb within layouts/application (2.7ms)
Completed 200 OK in 1179ms (Views: 1082.0ms | ActiveRecord: 0.2ms)


Started GET "/assets/application.css?body=1" for 127.0.0.1 at 2014-09-17 19:17:43 -0400


Started GET "/assets/addresses.css?body=1" for 127.0.0.1 at 2014-09-17 19:17:43 -0400


Started GET "/assets/companies.css?body=1" for 127.0.0.1 at 2014-09-17 19:17:43 -0400


Started GET "/assets/individuals.css?body=1" for 127.0.0.1 at 2014-09-17 19:17:43 -0400


Started GET "/assets/jobfunctions.css?body=1" for 127.0.0.1 at 2014-09-17 19:17:43 -0400


Started GET "/assets/scaffolds.css?body=1" for 127.0.0.1 at 2014-09-17 19:17:43 -0400


Started GET "/assets/jquery.js?body=1" for 127.0.0.1 at 2014-09-17 19:17:43 -0400


Started GET "/assets/jquery_ujs.js?body=1" for 127.0.0.1 at 2014-09-17 19:17:43 -0400


Started GET "/assets/turbolinks.js?body=1" for 127.0.0.1 at 2014-09-17 19:17:43 -0400


Started GET "/assets/addresses.js?body=1" for 127.0.0.1 at 2014-09-17 19:17:43 -0400


Started GET "/assets/companies.js?body=1" for 127.0.0.1 at 2014-09-17 19:17:43 -0400


Started GET "/assets/individuals.js?body=1" for 127.0.0.1 at 2014-09-17 19:17:43 -0400


Started GET "/assets/jobfunctions.js?body=1" for 127.0.0.1 at 2014-09-17 19:17:43 -0400


Started GET "/assets/application.js?body=1" for 127.0.0.1 at 2014-09-17 19:17:43 -0400


Started GET "/individuals" for 127.0.0.1 at 2014-09-17 19:22:05 -0400
Processing by IndividualsController#index as HTML
  [1m[36mIndividual Load (0.2ms)[0m  [1mSELECT "individuals".* FROM "individuals"[0m
  Rendered individuals/index.html.erb within layouts/application (1.2ms)
Completed 500 Internal Server Error in 20ms

ActionView::Template::Error (File to import not found or unreadable: bootstrap-sprockets.
Load paths:
  /home/josh/Web/Meetup/first-project/app/assets/images
  /home/josh/Web/Meetup/first-project/app/assets/javascripts
  /home/josh/Web/Meetup/first-project/app/assets/stylesheets
  /home/josh/Web/Meetup/first-project/vendor/assets/javascripts
  /home/josh/Web/Meetup/first-project/vendor/assets/stylesheets
  /home/josh/.rvm/gems/ruby-2.1.0-preview1/gems/turbolinks-2.2.2/lib/assets/javascripts
  /home/josh/.rvm/gems/ruby-2.1.0-preview1/gems/jquery-rails-3.1.1/vendor/assets/javascripts
  /home/josh/.rvm/gems/ruby-2.1.0-preview1/gems/coffee-rails-4.0.1/lib/assets/javascripts
  (in /home/josh/Web/Meetup/first-project/app/assets/stylesheets/application.css.scss:15)):
    2: <html>
    3: <head>
    4:   <title>Railsgirlsdirectory</title>
    5:   <%= stylesheet_link_tag    "application", media: "all", "data-turbolinks-track" => true %>
    6:   <%= javascript_include_tag "application", "data-turbolinks-track" => true %>
    7:   <%= csrf_meta_tags %>
    8: </head>
  app/assets/stylesheets/application.css.scss:15
  app/views/layouts/application.html.erb:5:in `_app_views_layouts_application_html_erb___1448314151727845074_21789680'


  Rendered /home/josh/.rvm/gems/ruby-2.1.0-preview1/gems/actionpack-4.0.4/lib/action_dispatch/middleware/templates/rescues/_trace.erb (5.1ms)
  Rendered /home/josh/.rvm/gems/ruby-2.1.0-preview1/gems/actionpack-4.0.4/lib/action_dispatch/middleware/templates/rescues/_request_and_response.erb (1.0ms)
  Rendered /home/josh/.rvm/gems/ruby-2.1.0-preview1/gems/actionpack-4.0.4/lib/action_dispatch/middleware/templates/rescues/template_error.erb within rescues/layout (25.2ms)


Started GET "/individuals" for 127.0.0.1 at 2014-09-17 19:22:37 -0400
  [1m[36mActiveRecord::SchemaMigration Load (0.1ms)[0m  [1mSELECT "schema_migrations".* FROM "schema_migrations"[0m
Processing by IndividualsController#index as HTML
  [1m[35mIndividual Load (0.2ms)[0m  SELECT "individuals".* FROM "individuals"
  Rendered individuals/index.html.erb within layouts/application (10.2ms)
Completed 200 OK in 2890ms (Views: 2869.7ms | ActiveRecord: 0.2ms)


Started GET "/assets/application.css?body=1" for 127.0.0.1 at 2014-09-17 19:22:40 -0400


Started GET "/assets/addresses.css?body=1" for 127.0.0.1 at 2014-09-17 19:22:40 -0400


Started GET "/assets/companies.css?body=1" for 127.0.0.1 at 2014-09-17 19:22:40 -0400


Started GET "/assets/individuals.css?body=1" for 127.0.0.1 at 2014-09-17 19:22:40 -0400


Started GET "/assets/jobfunctions.css?body=1" for 127.0.0.1 at 2014-09-17 19:22:40 -0400


Started GET "/assets/scaffolds.css?body=1" for 127.0.0.1 at 2014-09-17 19:22:40 -0400


Started GET "/assets/jquery.js?body=1" for 127.0.0.1 at 2014-09-17 19:22:40 -0400


Started GET "/assets/jquery_ujs.js?body=1" for 127.0.0.1 at 2014-09-17 19:22:40 -0400


Started GET "/assets/addresses.js?body=1" for 127.0.0.1 at 2014-09-17 19:22:40 -0400


Started GET "/assets/companies.js?body=1" for 127.0.0.1 at 2014-09-17 19:22:40 -0400


Started GET "/assets/individuals.js?body=1" for 127.0.0.1 at 2014-09-17 19:22:40 -0400


Started GET "/assets/jobfunctions.js?body=1" for 127.0.0.1 at 2014-09-17 19:22:40 -0400


Started GET "/assets/application.js?body=1" for 127.0.0.1 at 2014-09-17 19:22:40 -0400


Started GET "/assets/application.css?body=1" for 127.0.0.1 at 2014-09-17 19:22:46 -0400


Started GET "/assets/addresses.css?body=1" for 127.0.0.1 at 2014-09-17 19:22:46 -0400


Started GET "/assets/companies.css?body=1" for 127.0.0.1 at 2014-09-17 19:22:46 -0400


Started GET "/assets/scaffolds.css?body=1" for 127.0.0.1 at 2014-09-17 19:22:46 -0400


Started GET "/assets/jobfunctions.css?body=1" for 127.0.0.1 at 2014-09-17 19:22:46 -0400


Started GET "/assets/individuals.css?body=1" for 127.0.0.1 at 2014-09-17 19:22:46 -0400


Started GET "/individuals/new" for 127.0.0.1 at 2014-09-17 19:23:02 -0400
Processing by IndividualsController#new as HTML
  Rendered individuals/_form.html.erb (38.4ms)
  Rendered individuals/new.html.erb within layouts/application (52.7ms)
Completed 200 OK in 66ms (Views: 62.3ms | ActiveRecord: 0.6ms)
